2021-01-01 11:50:36,538 [Worker-1: Loading available Gradle versions] INFO  o.e.b.c.i.u.g.PublishedGradleVersions - Gradle version information cache is up-to-date. Trying to read.
2021-01-01 11:56:57,467 [Worker-1: Loading available Gradle versions] INFO  o.e.b.c.i.u.g.PublishedGradleVersions - Gradle version information cache is up-to-date. Trying to read.
2021-01-01 11:57:31,194 [Worker-9: Auto share git projects] ERROR o.e.j.i.storage.file.FileRepository - Cannot read file C:\Users\NIPC-43\.config\jgit\config
org.eclipse.jgit.errors.ConfigInvalidException: Cannot read file C:\Users\NIPC-43\.config\jgit\config
	at org.eclipse.jgit.storage.file.FileBasedConfig.load(FileBasedConfig.java:186)
	at org.eclipse.jgit.util.SystemReader.updateAll(SystemReader.java:390)
	at org.eclipse.jgit.util.SystemReader.getJGitConfig(SystemReader.java:341)
	at org.eclipse.jgit.util.SystemReader.getSystemConfig(SystemReader.java:363)
	at org.eclipse.jgit.util.SystemReader.getUserConfig(SystemReader.java:311)
	at org.eclipse.egit.core.Activator$EclipseSystemReader.getUserConfig(Activator.java:1208)
	at org.eclipse.jgit.internal.storage.file.FileRepository.<init>(FileRepository.java:162)
	at org.eclipse.egit.core.CachingRepository.<init>(CachingRepository.java:40)
	at org.eclipse.egit.core.RepositoryCache$Builder.createRepository(RepositoryCache.java:211)
	at org.eclipse.egit.core.RepositoryCache.lookupRepository(RepositoryCache.java:142)
	at org.eclipse.egit.core.project.GitProjectData.map(GitProjectData.java:695)
	at org.eclipse.egit.core.project.GitProjectData.remapAll(GitProjectData.java:653)
	at org.eclipse.egit.core.project.GitProjectData.setRepositoryMappings(GitProjectData.java:467)
	at org.eclipse.egit.core.op.ConnectProviderOperation.connectProject(ConnectProviderOperation.java:153)
	at org.eclipse.egit.core.op.ConnectProviderOperation.execute(ConnectProviderOperation.java:111)
	at org.eclipse.egit.core.internal.job.JobUtil$1.run(JobUtil.java:55)
	at org.eclipse.core.internal.jobs.Worker.run(Worker.java:63)
Caused by: org.eclipse.jgit.errors.ConfigInvalidException: Invalid line in config file
	at org.eclipse.jgit.lib.Config.fromTextRecurse(Config.java:1170)
	at org.eclipse.jgit.lib.Config.fromText(Config.java:1098)
	at org.eclipse.jgit.storage.file.FileBasedConfig.load(FileBasedConfig.java:144)
	... 16 common frames omitted
2021-01-01 11:57:31,242 [Worker-9: Auto share git projects] ERROR o.e.j.i.storage.file.FileRepository - Cannot read file C:\Users\NIPC-43\.config\jgit\config
org.eclipse.jgit.errors.ConfigInvalidException: Cannot read file C:\Users\NIPC-43\.config\jgit\config
	at org.eclipse.jgit.storage.file.FileBasedConfig.load(FileBasedConfig.java:186)
	at org.eclipse.jgit.util.SystemReader.updateAll(SystemReader.java:390)
	at org.eclipse.jgit.util.SystemReader.getJGitConfig(SystemReader.java:341)
	at org.eclipse.jgit.util.SystemReader.getSystemConfig(SystemReader.java:363)
	at org.eclipse.jgit.util.SystemReader.getUserConfig(SystemReader.java:311)
	at org.eclipse.egit.core.Activator$EclipseSystemReader.getUserConfig(Activator.java:1208)
	at org.eclipse.jgit.internal.storage.file.FileRepository.<init>(FileRepository.java:162)
	at org.eclipse.jgit.storage.file.FileRepositoryBuilder.build(FileRepositoryBuilder.java:55)
	at org.eclipse.jgit.storage.file.FileRepositoryBuilder.create(FileRepositoryBuilder.java:75)
	at org.eclipse.egit.core.op.ConnectProviderOperation.autoIgnoreWorkspaceMetaData(ConnectProviderOperation.java:259)
	at org.eclipse.egit.core.op.ConnectProviderOperation.connectProject(ConnectProviderOperation.java:192)
	at org.eclipse.egit.core.op.ConnectProviderOperation.execute(ConnectProviderOperation.java:111)
	at org.eclipse.egit.core.internal.job.JobUtil$1.run(JobUtil.java:55)
	at org.eclipse.core.internal.jobs.Worker.run(Worker.java:63)
Caused by: org.eclipse.jgit.errors.ConfigInvalidException: Invalid line in config file
	at org.eclipse.jgit.lib.Config.fromTextRecurse(Config.java:1170)
	at org.eclipse.jgit.lib.Config.fromText(Config.java:1098)
	at org.eclipse.jgit.storage.file.FileBasedConfig.load(FileBasedConfig.java:144)
	... 13 common frames omitted
2021-01-01 12:08:43,154 [Worker-0: Loading available Gradle versions] INFO  o.e.b.c.i.u.g.PublishedGradleVersions - Gradle version information cache is up-to-date. Trying to read.
2021-01-02 19:28:30,218 [Worker-2: Loading available Gradle versions] INFO  o.e.b.c.i.u.g.PublishedGradleVersions - Gradle version information cache is out-of-date. Trying to update.
2021-01-02 19:42:25,235 [Worker-0: Loading available Gradle versions] INFO  o.e.b.c.i.u.g.PublishedGradleVersions - Gradle version information cache is up-to-date. Trying to read.
2021-01-09 21:02:49,533 [Worker-2: Loading available Gradle versions] INFO  o.e.b.c.i.u.g.PublishedGradleVersions - Gradle version information cache is up-to-date. Trying to read.
2021-01-10 08:14:29,760 [Worker-2: Loading available Gradle versions] INFO  o.e.b.c.i.u.g.PublishedGradleVersions - Gradle version information cache is up-to-date. Trying to read.
2021-01-13 07:40:54,576 [Worker-2: Loading available Gradle versions] INFO  o.e.b.c.i.u.g.PublishedGradleVersions - Gradle version information cache is out-of-date. Trying to update.
2021-01-13 12:16:03,658 [Worker-0: Loading available Gradle versions] INFO  o.e.b.c.i.u.g.PublishedGradleVersions - Gradle version information cache is up-to-date. Trying to read.
2021-01-13 16:33:17,576 [Worker-1: Loading available Gradle versions] INFO  o.e.b.c.i.u.g.PublishedGradleVersions - Gradle version information cache is up-to-date. Trying to read.
2021-01-15 12:44:30,910 [Worker-2: Loading available Gradle versions] INFO  o.e.b.c.i.u.g.PublishedGradleVersions - Gradle version information cache is out-of-date. Trying to update.
2021-01-16 16:58:28,537 [Worker-2: Loading available Gradle versions] INFO  o.e.b.c.i.u.g.PublishedGradleVersions - Gradle version information cache is out-of-date. Trying to update.
2021-01-16 18:00:57,759 [Worker-0: Loading available Gradle versions] INFO  o.e.b.c.i.u.g.PublishedGradleVersions - Gradle version information cache is up-to-date. Trying to read.
2021-01-18 23:24:06,569 [Worker-1: Loading available Gradle versions] INFO  o.e.b.c.i.u.g.PublishedGradleVersions - Gradle version information cache is out-of-date. Trying to update.
2021-01-19 13:08:01,209 [Worker-2: Loading available Gradle versions] INFO  o.e.b.c.i.u.g.PublishedGradleVersions - Gradle version information cache is up-to-date. Trying to read.
2021-01-19 13:13:57,239 [Worker-1: Loading available Gradle versions] INFO  o.e.b.c.i.u.g.PublishedGradleVersions - Gradle version information cache is up-to-date. Trying to read.
2021-01-19 13:14:51,247 [main] ERROR o.e.j.i.storage.file.FileRepository - Cannot read file C:\Users\NIPC-43\.config\jgit\config
org.eclipse.jgit.errors.ConfigInvalidException: Cannot read file C:\Users\NIPC-43\.config\jgit\config
	at org.eclipse.jgit.storage.file.FileBasedConfig.load(FileBasedConfig.java:186)
	at org.eclipse.jgit.util.SystemReader.updateAll(SystemReader.java:390)
	at org.eclipse.jgit.util.SystemReader.getJGitConfig(SystemReader.java:341)
	at org.eclipse.jgit.util.SystemReader.getSystemConfig(SystemReader.java:363)
	at org.eclipse.jgit.util.SystemReader.getUserConfig(SystemReader.java:311)
	at org.eclipse.egit.core.Activator$EclipseSystemReader.getUserConfig(Activator.java:1208)
	at org.eclipse.jgit.internal.storage.file.FileRepository.<init>(FileRepository.java:162)
	at org.eclipse.egit.core.CachingRepository.<init>(CachingRepository.java:40)
	at org.eclipse.egit.core.RepositoryCache$Builder.createRepository(RepositoryCache.java:211)
	at org.eclipse.egit.core.RepositoryCache.lookupRepository(RepositoryCache.java:142)
	at org.eclipse.egit.ui.internal.repository.RepositoriesViewContentProvider.getRepositoryNodes(RepositoriesViewContentProvider.java:418)
	at org.eclipse.egit.ui.internal.repository.RepositoriesViewContentProvider.getElements(RepositoriesViewContentProvider.java:182)
	at org.eclipse.egit.ui.internal.clone.GitSelectRepositoryPage$1.getElements(GitSelectRepositoryPage.java:153)
	at org.eclipse.jface.viewers.StructuredViewer.getRawChildren(StructuredViewer.java:949)
	at org.eclipse.jface.viewers.ColumnViewer.getRawChildren(ColumnViewer.java:704)
	at org.eclipse.jface.viewers.AbstractTreeViewer.getRawChildren(AbstractTreeViewer.java:1411)
	at org.eclipse.jface.viewers.TreeViewer.getRawChildren(TreeViewer.java:350)
	at org.eclipse.jface.viewers.StructuredViewer.getFilteredChildren(StructuredViewer.java:852)
	at org.eclipse.jface.viewers.AbstractTreeViewer.getSortedChildren(AbstractTreeViewer.java:626)
	at org.eclipse.jface.viewers.AbstractTreeViewer.createChildren(AbstractTreeViewer.java:828)
	at org.eclipse.jface.viewers.TreeViewer.createChildren(TreeViewer.java:604)
	at org.eclipse.jface.viewers.AbstractTreeViewer.createChildren(AbstractTreeViewer.java:779)
	at org.eclipse.jface.viewers.AbstractTreeViewer.internalInitializeTree(AbstractTreeViewer.java:1599)
	at org.eclipse.jface.viewers.TreeViewer.internalInitializeTree(TreeViewer.java:780)
	at org.eclipse.jface.viewers.AbstractTreeViewer.lambda$1(AbstractTreeViewer.java:1584)
	at org.eclipse.jface.viewers.StructuredViewer.preservingSelection(StructuredViewer.java:1400)
	at org.eclipse.jface.viewers.TreeViewer.preservingSelection(TreeViewer.java:363)
	at org.eclipse.jface.viewers.StructuredViewer.preservingSelection(StructuredViewer.java:1361)
	at org.eclipse.jface.viewers.AbstractTreeViewer.inputChanged(AbstractTreeViewer.java:1578)
	at org.eclipse.ui.dialogs.FilteredTree$NotifyingTreeViewer.inputChanged(FilteredTree.java:966)
	at org.eclipse.jface.viewers.ContentViewer.setInput(ContentViewer.java:282)
	at org.eclipse.jface.viewers.StructuredViewer.setInput(StructuredViewer.java:1634)
	at org.eclipse.egit.ui.internal.clone.GitSelectRepositoryPage.createControl(GitSelectRepositoryPage.java:256)
	at org.eclipse.jface.wizard.Wizard.createPageControls(Wizard.java:178)
	at org.eclipse.jface.wizard.WizardDialog.createPageControls(WizardDialog.java:743)
	at org.eclipse.jface.wizard.WizardDialog.setWizard(WizardDialog.java:1181)
	at org.eclipse.jface.wizard.WizardDialog.updateForPage(WizardDialog.java:1234)
	at org.eclipse.jface.wizard.WizardDialog.lambda$3(WizardDialog.java:1222)
	at org.eclipse.swt.custom.BusyIndicator.showWhile(BusyIndicator.java:74)
	at org.eclipse.jface.wizard.WizardDialog.showPage(WizardDialog.java:1222)
	at org.eclipse.ui.internal.dialogs.ImportExportPage.treeDoubleClicked(ImportExportPage.java:236)
	at org.eclipse.jface.viewers.StructuredViewer$1.run(StructuredViewer.java:782)
	at org.eclipse.core.runtime.SafeRunner.run(SafeRunner.java:45)
	at org.eclipse.jface.util.SafeRunnable.run(SafeRunnable.java:174)
	at org.eclipse.jface.viewers.StructuredViewer.fireDoubleClick(StructuredViewer.java:779)
	at org.eclipse.jface.viewers.AbstractTreeViewer.handleDoubleSelect(AbstractTreeViewer.java:1531)
	at org.eclipse.jface.viewers.StructuredViewer$4.widgetDefaultSelected(StructuredViewer.java:1213)
	at org.eclipse.jface.util.OpenStrategy.fireDefaultSelectionEvent(OpenStrategy.java:251)
	at org.eclipse.jface.util.OpenStrategy.access$0(OpenStrategy.java:249)
	at org.eclipse.jface.util.OpenStrategy$1.handleEvent(OpenStrategy.java:308)
	at org.eclipse.swt.widgets.EventTable.sendEvent(EventTable.java:89)
	at org.eclipse.swt.widgets.Display.sendEvent(Display.java:4209)
	at org.eclipse.swt.widgets.Widget.sendEvent(Widget.java:1037)
	at org.eclipse.swt.widgets.Display.runDeferredEvents(Display.java:4026)
	at org.eclipse.swt.widgets.Display.readAndDispatch(Display.java:3626)
	at org.eclipse.jface.window.Window.runEventLoop(Window.java:823)
	at org.eclipse.jface.window.Window.open(Window.java:799)
	at org.eclipse.ui.internal.handlers.WizardHandler$Import.executeHandler(WizardHandler.java:151)
	at org.eclipse.ui.internal.handlers.WizardHandler.execute(WizardHandler.java:280)
	at org.eclipse.ui.internal.handlers.HandlerProxy.execute(HandlerProxy.java:283)
	at org.eclipse.ui.internal.handlers.E4HandlerProxy.execute(E4HandlerProxy.java:97)
	at java.base/jdk.internal.reflect.NativeMethodAccessorImpl.invoke0(Native Method)
	at java.base/jdk.internal.reflect.NativeMethodAccessorImpl.invoke(NativeMethodAccessorImpl.java:64)
	at java.base/jdk.internal.reflect.DelegatingMethodAccessorImpl.invoke(DelegatingMethodAccessorImpl.java:43)
	at java.base/java.lang.reflect.Method.invoke(Method.java:564)
	at org.eclipse.e4.core.internal.di.MethodRequestor.execute(MethodRequestor.java:58)
	at org.eclipse.e4.core.internal.di.InjectorImpl.invokeUsingClass(InjectorImpl.java:319)
	at org.eclipse.e4.core.internal.di.InjectorImpl.invoke(InjectorImpl.java:253)
	at org.eclipse.e4.core.contexts.ContextInjectionFactory.invoke(ContextInjectionFactory.java:173)
	at org.eclipse.e4.core.commands.internal.HandlerServiceHandler.execute(HandlerServiceHandler.java:156)
	at org.eclipse.core.commands.Command.executeWithChecks(Command.java:488)
	at org.eclipse.core.commands.ParameterizedCommand.executeWithChecks(ParameterizedCommand.java:487)
	at org.eclipse.e4.core.commands.internal.HandlerServiceImpl.executeHandler(HandlerServiceImpl.java:213)
	at org.eclipse.ui.internal.handlers.LegacyHandlerService.executeCommand(LegacyHandlerService.java:389)
	at org.eclipse.ui.internal.actions.CommandAction.runWithEvent(CommandAction.java:142)
	at org.eclipse.ui.internal.actions.CommandAction.run(CommandAction.java:152)
	at org.eclipse.ui.actions.ImportResourcesAction.run(ImportResourcesAction.java:100)
	at org.eclipse.ui.actions.BaseSelectionListenerAction.runWithEvent(BaseSelectionListenerAction.java:171)
	at org.eclipse.jface.action.ActionContributionItem.handleWidgetSelection(ActionContributionItem.java:580)
	at org.eclipse.jface.action.ActionContributionItem.lambda$4(ActionContributionItem.java:414)
	at org.eclipse.swt.widgets.EventTable.sendEvent(EventTable.java:89)
	at org.eclipse.swt.widgets.Display.sendEvent(Display.java:4209)
	at org.eclipse.swt.widgets.Widget.sendEvent(Widget.java:1037)
	at org.eclipse.swt.widgets.Display.runDeferredEvents(Display.java:4026)
	at org.eclipse.swt.widgets.Display.readAndDispatch(Display.java:3626)
	at org.eclipse.e4.ui.internal.workbench.swt.PartRenderingEngine$5.run(PartRenderingEngine.java:1157)
	at org.eclipse.core.databinding.observable.Realm.runWithDefault(Realm.java:338)
	at org.eclipse.e4.ui.internal.workbench.swt.PartRenderingEngine.run(PartRenderingEngine.java:1046)
	at org.eclipse.e4.ui.internal.workbench.E4Workbench.createAndRunUI(E4Workbench.java:155)
	at org.eclipse.ui.internal.Workbench.lambda$3(Workbench.java:644)
	at org.eclipse.core.databinding.observable.Realm.runWithDefault(Realm.java:338)
	at org.eclipse.ui.internal.Workbench.createAndRunWorkbench(Workbench.java:551)
	at org.eclipse.ui.PlatformUI.createAndRunWorkbench(PlatformUI.java:156)
	at org.eclipse.ui.internal.ide.application.IDEApplication.start(IDEApplication.java:152)
	at org.eclipse.equinox.internal.app.EclipseAppHandle.run(EclipseAppHandle.java:203)
	at org.eclipse.core.runtime.internal.adaptor.EclipseAppLauncher.runApplication(EclipseAppLauncher.java:134)
	at org.eclipse.core.runtime.internal.adaptor.EclipseAppLauncher.start(EclipseAppLauncher.java:104)
	at org.eclipse.core.runtime.adaptor.EclipseStarter.run(EclipseStarter.java:401)
	at org.eclipse.core.runtime.adaptor.EclipseStarter.run(EclipseStarter.java:255)
	at java.base/jdk.internal.reflect.NativeMethodAccessorImpl.invoke0(Native Method)
	at java.base/jdk.internal.reflect.NativeMethodAccessorImpl.invoke(NativeMethodAccessorImpl.java:64)
	at java.base/jdk.internal.reflect.DelegatingMethodAccessorImpl.invoke(DelegatingMethodAccessorImpl.java:43)
	at java.base/java.lang.reflect.Method.invoke(Method.java:564)
	at org.eclipse.equinox.launcher.Main.invokeFramework(Main.java:653)
	at org.eclipse.equinox.launcher.Main.basicRun(Main.java:590)
	at org.eclipse.equinox.launcher.Main.run(Main.java:1461)
Caused by: org.eclipse.jgit.errors.ConfigInvalidException: Invalid line in config file
	at org.eclipse.jgit.lib.Config.fromTextRecurse(Config.java:1170)
	at org.eclipse.jgit.lib.Config.fromText(Config.java:1098)
	at org.eclipse.jgit.storage.file.FileBasedConfig.load(FileBasedConfig.java:144)
	... 105 common frames omitted
2021-01-19 13:15:46,490 [Worker-4: Auto share git projects] ERROR o.e.j.i.storage.file.FileRepository - Cannot read file C:\Users\NIPC-43\.config\jgit\config
org.eclipse.jgit.errors.ConfigInvalidException: Cannot read file C:\Users\NIPC-43\.config\jgit\config
	at org.eclipse.jgit.storage.file.FileBasedConfig.load(FileBasedConfig.java:186)
	at org.eclipse.jgit.util.SystemReader.updateAll(SystemReader.java:390)
	at org.eclipse.jgit.util.SystemReader.getJGitConfig(SystemReader.java:341)
	at org.eclipse.jgit.util.SystemReader.getSystemConfig(SystemReader.java:363)
	at org.eclipse.jgit.util.SystemReader.getUserConfig(SystemReader.java:311)
	at org.eclipse.egit.core.Activator$EclipseSystemReader.getUserConfig(Activator.java:1208)
	at org.eclipse.jgit.internal.storage.file.FileRepository.<init>(FileRepository.java:162)
	at org.eclipse.egit.core.CachingRepository.<init>(CachingRepository.java:40)
	at org.eclipse.egit.core.RepositoryCache$Builder.createRepository(RepositoryCache.java:211)
	at org.eclipse.egit.core.RepositoryCache.lookupRepository(RepositoryCache.java:142)
	at org.eclipse.egit.core.project.GitProjectData.map(GitProjectData.java:695)
	at org.eclipse.egit.core.project.GitProjectData.remapAll(GitProjectData.java:653)
	at org.eclipse.egit.core.project.GitProjectData.setRepositoryMappings(GitProjectData.java:467)
	at org.eclipse.egit.core.op.ConnectProviderOperation.connectProject(ConnectProviderOperation.java:153)
	at org.eclipse.egit.core.op.ConnectProviderOperation.execute(ConnectProviderOperation.java:111)
	at org.eclipse.egit.core.internal.job.JobUtil$1.run(JobUtil.java:55)
	at org.eclipse.core.internal.jobs.Worker.run(Worker.java:63)
Caused by: org.eclipse.jgit.errors.ConfigInvalidException: Invalid line in config file
	at org.eclipse.jgit.lib.Config.fromTextRecurse(Config.java:1170)
	at org.eclipse.jgit.lib.Config.fromText(Config.java:1098)
	at org.eclipse.jgit.storage.file.FileBasedConfig.load(FileBasedConfig.java:144)
	... 16 common frames omitted
2021-01-19 13:15:46,559 [Worker-4: Auto share git projects] ERROR o.e.j.i.storage.file.FileRepository - Cannot read file C:\Users\NIPC-43\.config\jgit\config
org.eclipse.jgit.errors.ConfigInvalidException: Cannot read file C:\Users\NIPC-43\.config\jgit\config
	at org.eclipse.jgit.storage.file.FileBasedConfig.load(FileBasedConfig.java:186)
	at org.eclipse.jgit.util.SystemReader.updateAll(SystemReader.java:390)
	at org.eclipse.jgit.util.SystemReader.getJGitConfig(SystemReader.java:341)
	at org.eclipse.jgit.util.SystemReader.getSystemConfig(SystemReader.java:363)
	at org.eclipse.jgit.util.SystemReader.getUserConfig(SystemReader.java:311)
	at org.eclipse.egit.core.Activator$EclipseSystemReader.getUserConfig(Activator.java:1208)
	at org.eclipse.jgit.internal.storage.file.FileRepository.<init>(FileRepository.java:162)
	at org.eclipse.jgit.storage.file.FileRepositoryBuilder.build(FileRepositoryBuilder.java:55)
	at org.eclipse.jgit.storage.file.FileRepositoryBuilder.create(FileRepositoryBuilder.java:75)
	at org.eclipse.egit.core.op.ConnectProviderOperation.autoIgnoreWorkspaceMetaData(ConnectProviderOperation.java:259)
	at org.eclipse.egit.core.op.ConnectProviderOperation.connectProject(ConnectProviderOperation.java:192)
	at org.eclipse.egit.core.op.ConnectProviderOperation.execute(ConnectProviderOperation.java:111)
	at org.eclipse.egit.core.internal.job.JobUtil$1.run(JobUtil.java:55)
	at org.eclipse.core.internal.jobs.Worker.run(Worker.java:63)
Caused by: org.eclipse.jgit.errors.ConfigInvalidException: Invalid line in config file
	at org.eclipse.jgit.lib.Config.fromTextRecurse(Config.java:1170)
	at org.eclipse.jgit.lib.Config.fromText(Config.java:1098)
	at org.eclipse.jgit.storage.file.FileBasedConfig.load(FileBasedConfig.java:144)
	... 13 common frames omitted
2021-01-19 13:44:20,209 [Worker-13: Auto share git projects] ERROR o.e.j.i.storage.file.FileRepository - Cannot read file C:\Users\NIPC-43\.config\jgit\config
org.eclipse.jgit.errors.ConfigInvalidException: Cannot read file C:\Users\NIPC-43\.config\jgit\config
	at org.eclipse.jgit.storage.file.FileBasedConfig.load(FileBasedConfig.java:186)
	at org.eclipse.jgit.util.SystemReader.updateAll(SystemReader.java:390)
	at org.eclipse.jgit.util.SystemReader.getJGitConfig(SystemReader.java:341)
	at org.eclipse.jgit.util.SystemReader.getSystemConfig(SystemReader.java:363)
	at org.eclipse.jgit.util.SystemReader.getUserConfig(SystemReader.java:311)
	at org.eclipse.egit.core.Activator$EclipseSystemReader.getUserConfig(Activator.java:1208)
	at org.eclipse.jgit.internal.storage.file.FileRepository.<init>(FileRepository.java:162)
	at org.eclipse.egit.core.CachingRepository.<init>(CachingRepository.java:40)
	at org.eclipse.egit.core.RepositoryCache$Builder.createRepository(RepositoryCache.java:211)
	at org.eclipse.egit.core.RepositoryCache.lookupRepository(RepositoryCache.java:142)
	at org.eclipse.egit.core.project.GitProjectData.map(GitProjectData.java:695)
	at org.eclipse.egit.core.project.GitProjectData.remapAll(GitProjectData.java:653)
	at org.eclipse.egit.core.project.GitProjectData.setRepositoryMappings(GitProjectData.java:467)
	at org.eclipse.egit.core.op.ConnectProviderOperation.connectProject(ConnectProviderOperation.java:153)
	at org.eclipse.egit.core.op.ConnectProviderOperation.execute(ConnectProviderOperation.java:111)
	at org.eclipse.egit.core.internal.job.JobUtil$1.run(JobUtil.java:55)
	at org.eclipse.core.internal.jobs.Worker.run(Worker.java:63)
Caused by: org.eclipse.jgit.errors.ConfigInvalidException: Invalid line in config file
	at org.eclipse.jgit.lib.Config.fromTextRecurse(Config.java:1170)
	at org.eclipse.jgit.lib.Config.fromText(Config.java:1098)
	at org.eclipse.jgit.storage.file.FileBasedConfig.load(FileBasedConfig.java:144)
	... 16 common frames omitted
2021-01-19 13:44:20,247 [Worker-13: Auto share git projects] ERROR o.e.j.i.storage.file.FileRepository - Cannot read file C:\Users\NIPC-43\.config\jgit\config
org.eclipse.jgit.errors.ConfigInvalidException: Cannot read file C:\Users\NIPC-43\.config\jgit\config
	at org.eclipse.jgit.storage.file.FileBasedConfig.load(FileBasedConfig.java:186)
	at org.eclipse.jgit.util.SystemReader.updateAll(SystemReader.java:390)
	at org.eclipse.jgit.util.SystemReader.getJGitConfig(SystemReader.java:341)
	at org.eclipse.jgit.util.SystemReader.getSystemConfig(SystemReader.java:363)
	at org.eclipse.jgit.util.SystemReader.getUserConfig(SystemReader.java:311)
	at org.eclipse.egit.core.Activator$EclipseSystemReader.getUserConfig(Activator.java:1208)
	at org.eclipse.jgit.internal.storage.file.FileRepository.<init>(FileRepository.java:162)
	at org.eclipse.jgit.storage.file.FileRepositoryBuilder.build(FileRepositoryBuilder.java:55)
	at org.eclipse.jgit.storage.file.FileRepositoryBuilder.create(FileRepositoryBuilder.java:75)
	at org.eclipse.egit.core.op.ConnectProviderOperation.autoIgnoreWorkspaceMetaData(ConnectProviderOperation.java:259)
	at org.eclipse.egit.core.op.ConnectProviderOperation.connectProject(ConnectProviderOperation.java:192)
	at org.eclipse.egit.core.op.ConnectProviderOperation.execute(ConnectProviderOperation.java:111)
	at org.eclipse.egit.core.internal.job.JobUtil$1.run(JobUtil.java:55)
	at org.eclipse.core.internal.jobs.Worker.run(Worker.java:63)
Caused by: org.eclipse.jgit.errors.ConfigInvalidException: Invalid line in config file
	at org.eclipse.jgit.lib.Config.fromTextRecurse(Config.java:1170)
	at org.eclipse.jgit.lib.Config.fromText(Config.java:1098)
	at org.eclipse.jgit.storage.file.FileBasedConfig.load(FileBasedConfig.java:144)
	... 13 common frames omitted
2021-01-23 15:16:37,461 [Worker-0: Loading available Gradle versions] INFO  o.e.b.c.i.u.g.PublishedGradleVersions - Gradle version information cache is out-of-date. Trying to update.
2021-01-23 20:13:12,820 [Worker-1: Loading available Gradle versions] INFO  o.e.b.c.i.u.g.PublishedGradleVersions - Gradle version information cache is up-to-date. Trying to read.
2021-01-24 16:09:21,134 [Worker-1: Loading available Gradle versions] INFO  o.e.b.c.i.u.g.PublishedGradleVersions - Gradle version information cache is out-of-date. Trying to update.
2021-01-25 12:07:35,514 [Worker-0: Loading available Gradle versions] INFO  o.e.b.c.i.u.g.PublishedGradleVersions - Gradle version information cache is up-to-date. Trying to read.
2021-01-29 11:37:53,652 [Worker-0: Loading available Gradle versions] INFO  o.e.b.c.i.u.g.PublishedGradleVersions - Gradle version information cache is out-of-date. Trying to update.
2021-01-29 22:23:43,711 [Worker-0: Loading available Gradle versions] INFO  o.e.b.c.i.u.g.PublishedGradleVersions - Gradle version information cache is up-to-date. Trying to read.
2021-01-30 13:26:47,244 [Worker-3: Loading available Gradle versions] INFO  o.e.b.c.i.u.g.PublishedGradleVersions - Gradle version information cache is out-of-date. Trying to update.
2021-01-30 13:26:47,846 [Worker-3: Loading available Gradle versions] INFO  o.e.b.c.i.u.g.PublishedGradleVersions - Updating Gradle version information cache failed. Using outdated cache.
2021-01-31 08:06:53,973 [Worker-0: Loading available Gradle versions] INFO  o.e.b.c.i.u.g.PublishedGradleVersions - Gradle version information cache is out-of-date. Trying to update.
2021-01-31 15:50:13,773 [Worker-4: Loading available Gradle versions] INFO  o.e.b.c.i.u.g.PublishedGradleVersions - Gradle version information cache is up-to-date. Trying to read.
2021-02-05 13:18:59,414 [Worker-7: Loading available Gradle versions] INFO  o.e.b.c.i.u.g.PublishedGradleVersions - Gradle version information cache is out-of-date. Trying to update.
2021-02-06 20:17:03,885 [Worker-0: Loading available Gradle versions] INFO  o.e.b.c.i.u.g.PublishedGradleVersions - Gradle version information cache is out-of-date. Trying to update.
2021-02-08 11:00:04,048 [Worker-2: Loading available Gradle versions] INFO  o.e.b.c.i.u.g.PublishedGradleVersions - Gradle version information cache is out-of-date. Trying to update.
2021-02-12 17:11:39,627 [Worker-0: Loading available Gradle versions] INFO  o.e.b.c.i.u.g.PublishedGradleVersions - Gradle version information cache is out-of-date. Trying to update.
2021-02-12 17:37:36,453 [Worker-1: Loading available Gradle versions] INFO  o.e.b.c.i.u.g.PublishedGradleVersions - Gradle version information cache is up-to-date. Trying to read.
2021-02-14 08:54:11,705 [Worker-0: Loading available Gradle versions] INFO  o.e.b.c.i.u.g.PublishedGradleVersions - Gradle version information cache is out-of-date. Trying to update.
2021-02-16 16:33:56,428 [Worker-2: Loading available Gradle versions] INFO  o.e.b.c.i.u.g.PublishedGradleVersions - Gradle version information cache is out-of-date. Trying to update.
2021-02-19 13:25:04,874 [Worker-8: Loading available Gradle versions] INFO  o.e.b.c.i.u.g.PublishedGradleVersions - Gradle version information cache is out-of-date. Trying to update.
2021-02-23 11:25:08,515 [Worker-2: Loading available Gradle versions] INFO  o.e.b.c.i.u.g.PublishedGradleVersions - Gradle version information cache is out-of-date. Trying to update.
2021-02-26 12:38:02,594 [Worker-0: Loading available Gradle versions] INFO  o.e.b.c.i.u.g.PublishedGradleVersions - Gradle version information cache is out-of-date. Trying to update.
2021-02-28 08:07:00,357 [Worker-1: Loading available Gradle versions] INFO  o.e.b.c.i.u.g.PublishedGradleVersions - Gradle version information cache is out-of-date. Trying to update.
2021-02-28 22:30:37,261 [Worker-2: Loading available Gradle versions] INFO  o.e.b.c.i.u.g.PublishedGradleVersions - Gradle version information cache is up-to-date. Trying to read.
2021-03-02 22:04:31,982 [Worker-1: Loading available Gradle versions] INFO  o.e.b.c.i.u.g.PublishedGradleVersions - Gradle version information cache is out-of-date. Trying to update.
2021-03-08 11:17:50,315 [Worker-0: Loading available Gradle versions] INFO  o.e.b.c.i.u.g.PublishedGradleVersions - Gradle version information cache is out-of-date. Trying to update.
2021-03-14 08:17:07,677 [Worker-9: Loading available Gradle versions] INFO  o.e.b.c.i.u.g.PublishedGradleVersions - Gradle version information cache is out-of-date. Trying to update.
2021-03-19 10:27:52,719 [Worker-2: Loading available Gradle versions] INFO  o.e.b.c.i.u.g.PublishedGradleVersions - Gradle version information cache is out-of-date. Trying to update.
2021-03-22 12:35:20,371 [Worker-0: Loading available Gradle versions] INFO  o.e.b.c.i.u.g.PublishedGradleVersions - Gradle version information cache is out-of-date. Trying to update.
2021-03-26 17:11:27,015 [Worker-6: Loading available Gradle versions] INFO  o.e.b.c.i.u.g.PublishedGradleVersions - Gradle version information cache is out-of-date. Trying to update.
2021-03-28 08:35:34,659 [Worker-2: Loading available Gradle versions] INFO  o.e.b.c.i.u.g.PublishedGradleVersions - Gradle version information cache is out-of-date. Trying to update.
2021-04-01 10:20:31,684 [Worker-1: Loading available Gradle versions] INFO  o.e.b.c.i.u.g.PublishedGradleVersions - Gradle version information cache is out-of-date. Trying to update.
2021-04-02 15:01:13,341 [Worker-1: Loading available Gradle versions] INFO  o.e.b.c.i.u.g.PublishedGradleVersions - Gradle version information cache is out-of-date. Trying to update.
2021-04-02 22:46:39,407 [Worker-0: Loading available Gradle versions] INFO  o.e.b.c.i.u.g.PublishedGradleVersions - Gradle version information cache is up-to-date. Trying to read.
2021-04-03 20:59:49,653 [Worker-0: Loading available Gradle versions] INFO  o.e.b.c.i.u.g.PublishedGradleVersions - Gradle version information cache is out-of-date. Trying to update.
2021-04-04 08:18:33,345 [Worker-1: Loading available Gradle versions] INFO  o.e.b.c.i.u.g.PublishedGradleVersions - Gradle version information cache is up-to-date. Trying to read.
2021-04-04 09:46:08,177 [Worker-1: Loading available Gradle versions] INFO  o.e.b.c.i.u.g.PublishedGradleVersions - Gradle version information cache is up-to-date. Trying to read.
2021-04-07 20:12:14,287 [Worker-0: Loading available Gradle versions] INFO  o.e.b.c.i.u.g.PublishedGradleVersions - Gradle version information cache is up-to-date. Trying to read.
2021-04-08 10:07:18,770 [Worker-0: Loading available Gradle versions] INFO  o.e.b.c.i.u.g.PublishedGradleVersions - Gradle version information cache is up-to-date. Trying to read.
2021-04-08 23:05:41,368 [Worker-3: Loading available Gradle versions] INFO  o.e.b.c.i.u.g.PublishedGradleVersions - Gradle version information cache is out-of-date. Trying to update.
2021-04-09 10:16:06,390 [Worker-3: Loading available Gradle versions] INFO  o.e.b.c.i.u.g.PublishedGradleVersions - Gradle version information cache is up-to-date. Trying to read.
2021-04-09 21:15:19,565 [Worker-3: Loading available Gradle versions] INFO  o.e.b.c.i.u.g.PublishedGradleVersions - Gradle version information cache is up-to-date. Trying to read.
2021-04-10 17:13:08,461 [Worker-2: Loading available Gradle versions] INFO  o.e.b.c.i.u.g.PublishedGradleVersions - Gradle version information cache is out-of-date. Trying to update.
2021-04-11 08:07:01,153 [Worker-3: Loading available Gradle versions] INFO  o.e.b.c.i.u.g.PublishedGradleVersions - Gradle version information cache is up-to-date. Trying to read.
2021-04-12 15:10:17,573 [Worker-2: Loading available Gradle versions] INFO  o.e.b.c.i.u.g.PublishedGradleVersions - Gradle version information cache is out-of-date. Trying to update.
2021-04-14 16:12:57,609 [Worker-4: Loading available Gradle versions] INFO  o.e.b.c.i.u.g.PublishedGradleVersions - Gradle version information cache is out-of-date. Trying to update.
2021-04-15 10:11:55,437 [Worker-3: Loading available Gradle versions] INFO  o.e.b.c.i.u.g.PublishedGradleVersions - Gradle version information cache is up-to-date. Trying to read.
2021-04-16 13:21:04,476 [Worker-1: Loading available Gradle versions] INFO  o.e.b.c.i.u.g.PublishedGradleVersions - Gradle version information cache is out-of-date. Trying to update.
2021-04-16 17:26:58,187 [Worker-0: Loading available Gradle versions] INFO  o.e.b.c.i.u.g.PublishedGradleVersions - Gradle version information cache is up-to-date. Trying to read.
2021-04-16 22:05:17,798 [Worker-1: Loading available Gradle versions] INFO  o.e.b.c.i.u.g.PublishedGradleVersions - Gradle version information cache is up-to-date. Trying to read.
2021-04-17 20:27:06,370 [Worker-3: Loading available Gradle versions] INFO  o.e.b.c.i.u.g.PublishedGradleVersions - Gradle version information cache is out-of-date. Trying to update.
2021-04-18 12:38:16,449 [Worker-0: Loading available Gradle versions] INFO  o.e.b.c.i.u.g.PublishedGradleVersions - Gradle version information cache is up-to-date. Trying to read.
2021-04-19 11:18:11,771 [Worker-3: Loading available Gradle versions] INFO  o.e.b.c.i.u.g.PublishedGradleVersions - Gradle version information cache is out-of-date. Trying to update.
2021-04-19 16:13:10,614 [Worker-3: Loading available Gradle versions] INFO  o.e.b.c.i.u.g.PublishedGradleVersions - Gradle version information cache is up-to-date. Trying to read.
2021-04-21 11:28:47,238 [Worker-3: Loading available Gradle versions] INFO  o.e.b.c.i.u.g.PublishedGradleVersions - Gradle version information cache is out-of-date. Trying to update.
2021-04-21 19:53:19,317 [Worker-3: Loading available Gradle versions] INFO  o.e.b.c.i.u.g.PublishedGradleVersions - Gradle version information cache is up-to-date. Trying to read.
2021-04-22 16:28:50,160 [Worker-3: Loading available Gradle versions] INFO  o.e.b.c.i.u.g.PublishedGradleVersions - Gradle version information cache is out-of-date. Trying to update.
2021-04-25 08:43:56,175 [Worker-3: Loading available Gradle versions] INFO  o.e.b.c.i.u.g.PublishedGradleVersions - Gradle version information cache is out-of-date. Trying to update.
2021-04-25 17:38:41,043 [Worker-1: Loading available Gradle versions] INFO  o.e.b.c.i.u.g.PublishedGradleVersions - Gradle version information cache is up-to-date. Trying to read.
2021-04-26 11:06:02,404 [Worker-3: Loading available Gradle versions] INFO  o.e.b.c.i.u.g.PublishedGradleVersions - Gradle version information cache is out-of-date. Trying to update.
2021-04-26 15:50:27,572 [Worker-3: Loading available Gradle versions] INFO  o.e.b.c.i.u.g.PublishedGradleVersions - Gradle version information cache is up-to-date. Trying to read.
2021-04-27 19:18:59,473 [Worker-1: Loading available Gradle versions] INFO  o.e.b.c.i.u.g.PublishedGradleVersions - Gradle version information cache is out-of-date. Trying to update.
2021-04-28 10:54:29,419 [Worker-3: Loading available Gradle versions] INFO  o.e.b.c.i.u.g.PublishedGradleVersions - Gradle version information cache is up-to-date. Trying to read.
2021-04-28 13:30:31,617 [Worker-3: Loading available Gradle versions] INFO  o.e.b.c.i.u.g.PublishedGradleVersions - Gradle version information cache is up-to-date. Trying to read.
2021-04-29 10:47:46,806 [Worker-0: Loading available Gradle versions] INFO  o.e.b.c.i.u.g.PublishedGradleVersions - Gradle version information cache is out-of-date. Trying to update.
2021-04-30 10:42:53,773 [Worker-0: Loading available Gradle versions] INFO  o.e.b.c.i.u.g.PublishedGradleVersions - Gradle version information cache is up-to-date. Trying to read.
2021-05-01 19:30:17,219 [Worker-1: Loading available Gradle versions] INFO  o.e.b.c.i.u.g.PublishedGradleVersions - Gradle version information cache is out-of-date. Trying to update.
2021-05-02 07:36:42,524 [Worker-3: Loading available Gradle versions] INFO  o.e.b.c.i.u.g.PublishedGradleVersions - Gradle version information cache is up-to-date. Trying to read.
2021-05-03 09:47:42,358 [Worker-4: Loading available Gradle versions] INFO  o.e.b.c.i.u.g.PublishedGradleVersions - Gradle version information cache is out-of-date. Trying to update.
2021-05-03 16:14:37,807 [Worker-1: Loading available Gradle versions] INFO  o.e.b.c.i.u.g.PublishedGradleVersions - Gradle version information cache is up-to-date. Trying to read.
2021-05-03 16:34:35,100 [Worker-18: Loading available Gradle versions] INFO  o.e.b.c.i.u.g.PublishedGradleVersions - Gradle version information cache is up-to-date. Trying to read.
2021-05-05 14:34:16,428 [Worker-3: Loading available Gradle versions] INFO  o.e.b.c.i.u.g.PublishedGradleVersions - Gradle version information cache is out-of-date. Trying to update.
2021-05-07 14:59:04,976 [Worker-3: Loading available Gradle versions] INFO  o.e.b.c.i.u.g.PublishedGradleVersions - Gradle version information cache is out-of-date. Trying to update.
2021-05-07 16:09:16,706 [Worker-3: Loading available Gradle versions] INFO  o.e.b.c.i.u.g.PublishedGradleVersions - Gradle version information cache is up-to-date. Trying to read.
2021-05-07 16:30:09,605 [Worker-10: Loading available Gradle versions] INFO  o.e.b.c.i.u.g.PublishedGradleVersions - Gradle version information cache is up-to-date. Trying to read.
2021-05-07 20:57:12,884 [Worker-4: Loading available Gradle versions] INFO  o.e.b.c.i.u.g.PublishedGradleVersions - Gradle version information cache is up-to-date. Trying to read.
2021-05-08 10:37:02,097 [Worker-0: Loading available Gradle versions] INFO  o.e.b.c.i.u.g.PublishedGradleVersions - Gradle version information cache is up-to-date. Trying to read.
2021-05-09 08:19:02,667 [Worker-12: Loading available Gradle versions] INFO  o.e.b.c.i.u.g.PublishedGradleVersions - Gradle version information cache is out-of-date. Trying to update.
2021-05-13 16:18:00,813 [Worker-3: Loading available Gradle versions] INFO  o.e.b.c.i.u.g.PublishedGradleVersions - Gradle version information cache is out-of-date. Trying to update.
2021-05-14 17:06:18,188 [Worker-2: Loading available Gradle versions] INFO  o.e.b.c.i.u.g.PublishedGradleVersions - Gradle version information cache is out-of-date. Trying to update.
2021-05-15 12:34:18,383 [Worker-3: Loading available Gradle versions] INFO  o.e.b.c.i.u.g.PublishedGradleVersions - Gradle version information cache is up-to-date. Trying to read.
2021-05-15 19:56:52,431 [Worker-5: Loading available Gradle versions] INFO  o.e.b.c.i.u.g.PublishedGradleVersions - Gradle version information cache is out-of-date. Trying to update.
2021-05-16 08:35:07,959 [Worker-3: Loading available Gradle versions] INFO  o.e.b.c.i.u.g.PublishedGradleVersions - Gradle version information cache is up-to-date. Trying to read.
2021-05-17 10:00:07,695 [Worker-4: Loading available Gradle versions] INFO  o.e.b.c.i.u.g.PublishedGradleVersions - Gradle version information cache is out-of-date. Trying to update.
2021-05-18 15:37:33,159 [Worker-4: Loading available Gradle versions] INFO  o.e.b.c.i.u.g.PublishedGradleVersions - Gradle version information cache is out-of-date. Trying to update.
2021-05-19 12:46:41,903 [Worker-3: Loading available Gradle versions] INFO  o.e.b.c.i.u.g.PublishedGradleVersions - Gradle version information cache is up-to-date. Trying to read.
2021-05-21 12:26:28,304 [Worker-3: Loading available Gradle versions] INFO  o.e.b.c.i.u.g.PublishedGradleVersions - Gradle version information cache is out-of-date. Trying to update.
2021-05-24 12:22:36,692 [Worker-0: Loading available Gradle versions] INFO  o.e.b.c.i.u.g.PublishedGradleVersions - Gradle version information cache is out-of-date. Trying to update.
2021-05-28 15:36:26,597 [Worker-0: Loading available Gradle versions] INFO  o.e.b.c.i.u.g.PublishedGradleVersions - Gradle version information cache is out-of-date. Trying to update.
2021-05-29 13:22:39,794 [Worker-0: Loading available Gradle versions] INFO  o.e.b.c.i.u.g.PublishedGradleVersions - Gradle version information cache is up-to-date. Trying to read.
2021-05-31 13:08:02,442 [Worker-17: Loading available Gradle versions] INFO  o.e.b.c.i.u.g.PublishedGradleVersions - Gradle version information cache is out-of-date. Trying to update.
2021-06-01 19:45:40,572 [Worker-3: Loading available Gradle versions] INFO  o.e.b.c.i.u.g.PublishedGradleVersions - Gradle version information cache is out-of-date. Trying to update.
2021-06-02 16:23:53,651 [Worker-3: Loading available Gradle versions] INFO  o.e.b.c.i.u.g.PublishedGradleVersions - Gradle version information cache is up-to-date. Trying to read.
2021-06-03 15:11:58,849 [Worker-3: Loading available Gradle versions] INFO  o.e.b.c.i.u.g.PublishedGradleVersions - Gradle version information cache is out-of-date. Trying to update.
2021-06-04 12:16:17,686 [Worker-3: Loading available Gradle versions] INFO  o.e.b.c.i.u.g.PublishedGradleVersions - Gradle version information cache is up-to-date. Trying to read.
2021-06-04 20:26:26,013 [Worker-0: Loading available Gradle versions] INFO  o.e.b.c.i.u.g.PublishedGradleVersions - Gradle version information cache is out-of-date. Trying to update.
2021-06-04 21:36:50,302 [Worker-3: Loading available Gradle versions] INFO  o.e.b.c.i.u.g.PublishedGradleVersions - Gradle version information cache is up-to-date. Trying to read.
2021-06-06 08:44:25,042 [Worker-3: Loading available Gradle versions] INFO  o.e.b.c.i.u.g.PublishedGradleVersions - Gradle version information cache is out-of-date. Trying to update.
2021-06-08 17:10:04,200 [Worker-2: Loading available Gradle versions] INFO  o.e.b.c.i.u.g.PublishedGradleVersions - Gradle version information cache is out-of-date. Trying to update.
2021-06-12 15:44:32,452 [Worker-1: Loading available Gradle versions] INFO  o.e.b.c.i.u.g.PublishedGradleVersions - Gradle version information cache is up-to-date. Trying to read.
2021-06-13 08:33:35,052 [Worker-3: Loading available Gradle versions] INFO  o.e.b.c.i.u.g.PublishedGradleVersions - Gradle version information cache is up-to-date. Trying to read.
